<?xml version="1.0" encoding="UTF-8"?>
<testng-results ignored="0" total="2" passed="2" failed="0" skipped="0">
  <reporter-output>
  </reporter-output>
  <suite started-at="2021-09-16T10:44:34 COT" name="test.TestGeneral" finished-at="2021-09-16T10:44:35 COT" duration-ms="1009">
    <groups>
    </groups>
    <test started-at="2021-09-16T10:44:34 COT" name="Command line test" finished-at="2021-09-16T10:44:35 COT" duration-ms="1009">
      <class name="test.TestGeneral">
        <test-method signature="verificarCargaFundaciones()[pri:0, instance:test.TestGeneral@6a192cfe]" started-at="2021-09-16T10:44:34 COT" name="verificarCargaFundaciones" finished-at="2021-09-16T10:44:35 COT" duration-ms="874" status="PASS">
          <reporter-output>
          </reporter-output>
        </test-method> <!-- verificarCargaFundaciones -->
        <test-method signature="verificarConexion()[pri:0, instance:test.TestGeneral@6a192cfe]" started-at="2021-09-16T10:44:35 COT" name="verificarConexion" finished-at="2021-09-16T10:44:35 COT" duration-ms="68" status="PASS">
          <reporter-output>
          </reporter-output>
        </test-method> <!-- verificarConexion -->
      </class> <!-- test.TestGeneral -->
    </test> <!-- Command line test -->
  </suite> <!-- test.TestGeneral -->
</testng-results>
